<?xml version="1.0" encoding="UTF-8"?>
<testsuite xmlns:xsi="http://www.w3.org/2001/XMLSchema-instance" xsi:schemaLocation="https://maven.apache.org/surefire/maven-surefire-plugin/xsd/surefire-test-report.xsd" name="com.com470.boleto.app.service.BoletoServiceTest" time="0.608" tests="5" errors="0" skipped="0" failures="0">
  <properties>
[...]
</properties>
  <testcase name="testGetBoletoById" classname="com.com470.boleto.app.service.BoletoServiceTest" time="0.374"/>
  <testcase name="testGetAllBoletos" classname="com.com470.boleto.app.service.BoletoServiceTest" time="0.002"/>
  <testcase name="testUpdateBoleto" classname="com.com470.boleto.app.service.BoletoServiceTest" time="0.002"/>
  <testcase name="testDeleteBoleto" classname="com.com470.boleto.app.service.BoletoServiceTest" time="0.012"/>
  <testcase name="testCreateBoleto" classname="com.com470.boleto.app.service.BoletoServiceTest" time="0.002"/>
</testsuite>